[2025-03-21 14:47:23.452] [jointLog] [info] setting maxHashResizeThreads to 128
[2025-03-21 14:47:23.452] [jointLog] [info] Fragment incompatibility prior below threshold.  Incompatible fragments will be ignored.
[2025-03-21 14:47:23.452] [jointLog] [info] Usage of --validateMappings implies use of minScoreFraction. Since not explicitly specified, it is being set to 0.65
[2025-03-21 14:47:23.452] [jointLog] [info] Setting consensusSlack to selective-alignment default of 0.35.
[2025-03-21 14:47:23.452] [jointLog] [info] parsing read library format
[2025-03-21 14:47:23.452] [jointLog] [info] There is 1 library.
[2025-03-21 14:47:23.453] [jointLog] [info] Loading pufferfish index
[2025-03-21 14:47:23.453] [jointLog] [info] Loading dense pufferfish index.
[2025-03-21 14:47:23.560] [jointLog] [info] done
[2025-03-21 14:47:23.597] [jointLog] [info] Index contained 56,213 targets
[2025-03-21 14:47:23.607] [jointLog] [info] Number of decoys : 0
[2025-03-21 14:47:23.958] [jointLog] [info] Automatically detected most likely library type as U

[2025-03-21 14:47:30.853] [jointLog] [info] Computed 74,453 rich equivalence classes for further processing
[2025-03-21 14:47:30.853] [jointLog] [info] Counted 7,686,050 total reads in the equivalence classes 
[2025-03-21 14:47:30.916] [jointLog] [info] Number of mappings discarded because of alignment score : 2,480,740
[2025-03-21 14:47:30.916] [jointLog] [info] Number of fragments entirely discarded because of alignment score : 231,259
[2025-03-21 14:47:30.916] [jointLog] [info] Number of fragments discarded because they are best-mapped to decoys : 0
[2025-03-21 14:47:30.916] [jointLog] [info] Number of fragments discarded because they have only dovetail (discordant) mappings to valid targets : 0
[2025-03-21 14:47:30.916] [jointLog] [info] Mapping rate = 91.1097%

[2025-03-21 14:47:30.916] [jointLog] [info] finished quantifyLibrary()
[2025-03-21 14:47:30.934] [jointLog] [info] Starting optimizer
[2025-03-21 14:47:30.956] [jointLog] [info] Marked 0 weighted equivalence classes as degenerate
[2025-03-21 14:47:30.959] [jointLog] [info] iteration = 0 | max rel diff. = 57.0096
[2025-03-21 14:47:30.854] [fileLog] [info] 
At end of round 0
==================
Observed 8436040 total fragments (8436040 in most recent round)

[2025-03-21 14:47:31.242] [jointLog] [info] iteration = 100 | max rel diff. = 0.0850418
[2025-03-21 14:47:31.524] [jointLog] [info] iteration = 200 | max rel diff. = 0.0287353
[2025-03-21 14:47:31.643] [jointLog] [info] iteration = 243 | max rel diff. = 0.00558687
[2025-03-21 14:47:31.645] [jointLog] [info] Finished optimizer
[2025-03-21 14:47:31.645] [jointLog] [info] writing output 

[2025-03-21 14:47:31.720] [jointLog] [warning] NOTE: Read Lib [[ mock_combined.fastq ]] :

Detected a *potential* strand bias > 1% in an unstranded protocol check the file: salmon_mock_out/lib_format_counts.json for details

